<?xml version="1.0" encoding="UTF-8"?>
<!-- Generated by org.testng.reporters.JUnitReportReporter -->
<testsuite hostname="Pavan" failures="0" tests="1" name="TestScript" time="2.661" errors="0" timestamp="2025-10-07T12:17:15 IST" skipped="0">
  <testcase classname="TestScript" name="testLoginAndVerifyHomePage" time="2.661"/>
  <system-out/>
</testsuite> <!-- TestScript -->
