<?xml version="1.0" encoding="UTF-8"?>
<!-- Generated by org.testng.reporters.JUnitReportReporter -->
<testsuite hostname="Pavan" failures="0" tests="1" name="TestScript" time="0.106" errors="0" timestamp="2025-10-07T10:10:57 IST" skipped="0">
  <testcase classname="TestScript" name="testLogin" time="0.106"/>
  <system-out/>
</testsuite> <!-- TestScript -->
