<?xml version="1.0" encoding="UTF-8"?>
<!-- Generated by org.testng.reporters.JUnitReportReporter -->
<testsuite hostname="DESKTOP-C7HII46" failures="0" tests="1" name="TestScript" time="0.019" errors="0" timestamp="2025-10-03T15:42:55 IST" skipped="0">
  <testcase classname="TestScript" name="testLogin" time="0.019"/>
  <system-out/>
</testsuite> <!-- TestScript -->
