<?xml version="1.0" encoding="UTF-8"?>
<!-- Generated by org.testng.reporters.JUnitReportReporter -->
<testsuite hostname="DESKTOP-C7HII46" failures="0" tests="1" name="TestScript" time="2.626" errors="0" timestamp="2025-10-07T11:40:30 IST" skipped="0">
  <testcase classname="TestScript" name="testLoginAndVerifyHomePage" time="2.626"/>
  <system-out/>
</testsuite> <!-- TestScript -->
